# JRE version: OpenJDK Runtime Environment (8.0_191-b12) (build 1.8.0_191-8u191-b12-2ubuntu0.16.04.1-b12)
# Java VM: OpenJDK 64-Bit Server VM (25.191-b12 mixed mode linux-amd64 compressed oops)
Heap:
 PSYoungGen      total 257536K, used 3561K [0x00000000d6d80000, 0x00000000e6c80000, 0x0000000100000000)
  eden space 253952K, 0% used [0x00000000d6d80000,0x00000000d6d80000,0x00000000e6580000)
  from space 3584K, 99% used [0x00000000e6580000,0x00000000e68fa680,0x00000000e6900000)
  to   space 3584K, 0% used [0x00000000e6900000,0x00000000e6900000,0x00000000e6c80000)
 ParOldGen       total 84992K, used 82799K [0x0000000084800000, 0x0000000089b00000, 0x00000000d6d80000)
  object space 84992K, 97% used [0x0000000084800000,0x00000000898dbd70,0x0000000089b00000)
 Metaspace       used 10138K, capacity 10462K, committed 10496K, reserved 1058816K
  class space    used 1139K, capacity 1257K, committed 1280K, reserved 1048576K
GC Heap History (10 events):
Event: 38.641 GC heap after
Heap after GC invocations=2 (full 0):
 PSYoungGen      total 68608K, used 3034K [0x00000000d6d80000, 0x00000000db580000, 0x0000000100000000)
  eden space 63488K, 0% used [0x00000000d6d80000,0x00000000d6d80000,0x00000000dab80000)
  from space 5120K, 59% used [0x00000000db080000,0x00000000db376970,0x00000000db580000)
  to   space 5120K, 0% used [0x00000000dab80000,0x00000000dab80000,0x00000000db080000)
 ParOldGen       total 84992K, used 32K [0x0000000084800000, 0x0000000089b00000, 0x00000000d6d80000)
  object space 84992K, 0% used [0x0000000084800000,0x0000000084808000,0x0000000089b00000)
 Metaspace       used 9072K, capacity 9312K, committed 9600K, reserved 1058816K
  class space    used 974K, capacity 1068K, committed 1152K, reserved 1048576K
}
Event: 46.020 GC heap before
{Heap before GC invocations=3 (full 0):
 PSYoungGen      total 68608K, used 66522K [0x00000000d6d80000, 0x00000000db580000, 0x0000000100000000)
  eden space 63488K, 100% used [0x00000000d6d80000,0x00000000dab80000,0x00000000dab80000)
  from space 5120K, 59% used [0x00000000db080000,0x00000000db376970,0x00000000db580000)
  to   space 5120K, 0% used [0x00000000dab80000,0x00000000dab80000,0x00000000db080000)
 ParOldGen       total 84992K, used 32K [0x0000000084800000, 0x0000000089b00000, 0x00000000d6d80000)
  object space 84992K, 0% used [0x0000000084800000,0x0000000084808000,0x0000000089b00000)
 Metaspace       used 9072K, capacity 9312K, committed 9600K, reserved 1058816K
  class space    used 974K, capacity 1068K, committed 1152K, reserved 1048576K
Event: 46.437 GC heap after
Heap after GC invocations=3 (full 0):
 PSYoungGen      total 68608K, used 3051K [0x00000000d6d80000, 0x00000000df380000, 0x0000000100000000)
  eden space 63488K, 0% used [0x00000000d6d80000,0x00000000d6d80000,0x00000000dab80000)
  from space 5120K, 59% used [0x00000000dab80000,0x00000000dae7ade0,0x00000000db080000)
  to   space 5120K, 0% used [0x00000000dee80000,0x00000000dee80000,0x00000000df380000)
 ParOldGen       total 84992K, used 40K [0x0000000084800000, 0x0000000089b00000, 0x00000000d6d80000)
  object space 84992K, 0% used [0x0000000084800000,0x000000008480a000,0x0000000089b00000)
 Metaspace       used 9072K, capacity 9312K, committed 9600K, reserved 1058816K
  class space    used 974K, capacity 1068K, committed 1152K, reserved 1048576K
}
Event: 53.230 GC heap before
{Heap before GC invocations=4 (full 0):
 PSYoungGen      total 68608K, used 66539K [0x00000000d6d80000, 0x00000000df380000, 0x0000000100000000)
  eden space 63488K, 100% used [0x00000000d6d80000,0x00000000dab80000,0x00000000dab80000)
  from space 5120K, 59% used [0x00000000dab80000,0x00000000dae7ade0,0x00000000db080000)
  to   space 5120K, 0% used [0x00000000dee80000,0x00000000dee80000,0x00000000df380000)
 ParOldGen       total 84992K, used 40K [0x0000000084800000, 0x0000000089b00000, 0x00000000d6d80000)
  object space 84992K, 0% used [0x0000000084800000,0x000000008480a000,0x0000000089b00000)
 Metaspace       used 9072K, capacity 9312K, committed 9600K, reserved 1058816K
  class space    used 974K, capacity 1068K, committed 1152K, reserved 1048576K
Event: 53.233 GC heap after
Heap after GC invocations=4 (full 0):
 PSYoungGen      total 132096K, used 3037K [0x00000000d6d80000, 0x00000000df380000, 0x0000000100000000)
  eden space 126976K, 0% used [0x00000000d6d80000,0x00000000d6d80000,0x00000000de980000)
  from space 5120K, 59% used [0x00000000dee80000,0x00000000df1774b8,0x00000000df380000)
  to   space 5120K, 0% used [0x00000000de980000,0x00000000de980000,0x00000000dee80000)
 ParOldGen       total 84992K, used 48K [0x0000000084800000, 0x0000000089b00000, 0x00000000d6d80000)
  object space 84992K, 0% used [0x0000000084800000,0x000000008480c000,0x0000000089b00000)
 Metaspace       used 9072K, capacity 9312K, committed 9600K, reserved 1058816K
  class space    used 974K, capacity 1068K, committed 1152K, reserved 1048576K
}
Event: 75.485 GC heap before
{Heap before GC invocations=5 (full 0):
 PSYoungGen      total 132096K, used 130013K [0x00000000d6d80000, 0x00000000df380000, 0x0000000100000000)
  eden space 126976K, 100% used [0x00000000d6d80000,0x00000000de980000,0x00000000de980000)
  from space 5120K, 59% used [0x00000000dee80000,0x00000000df1774b8,0x00000000df380000)
  to   space 5120K, 0% used [0x00000000de980000,0x00000000de980000,0x00000000dee80000)
 ParOldGen       total 84992K, used 48K [0x0000000084800000, 0x0000000089b00000, 0x00000000d6d80000)
  object space 84992K, 0% used [0x0000000084800000,0x000000008480c000,0x0000000089b00000)
 Metaspace       used 9073K, capacity 9312K, committed 9600K, reserved 1058816K
  class space    used 974K, capacity 1068K, committed 1152K, reserved 1048576K
Event: 75.488 GC heap after
Heap after GC invocations=5 (full 0):
 PSYoungGen      total 132096K, used 3034K [0x00000000d6d80000, 0x00000000e6c80000, 0x0000000100000000)
  eden space 126976K, 0% used [0x00000000d6d80000,0x00000000d6d80000,0x00000000de980000)
  from space 5120K, 59% used [0x00000000de980000,0x00000000dec76bb0,0x00000000dee80000)
  to   space 3584K, 0% used [0x00000000e6900000,0x00000000e6900000,0x00000000e6c80000)
 ParOldGen       total 84992K, used 48K [0x0000000084800000, 0x0000000089b00000, 0x00000000d6d80000)
  object space 84992K, 0% used [0x0000000084800000,0x000000008480c000,0x0000000089b00000)
 Metaspace       used 9073K, capacity 9312K, committed 9600K, reserved 1058816K
  class space    used 974K, capacity 1068K, committed 1152K, reserved 1048576K
}
Event: 99.326 GC heap before
{Heap before GC invocations=6 (full 0):
 PSYoungGen      total 132096K, used 130010K [0x00000000d6d80000, 0x00000000e6c80000, 0x0000000100000000)
  eden space 126976K, 100% used [0x00000000d6d80000,0x00000000de980000,0x00000000de980000)
  from space 5120K, 59% used [0x00000000de980000,0x00000000dec76bb0,0x00000000dee80000)
  to   space 3584K, 0% used [0x00000000e6900000,0x00000000e6900000,0x00000000e6c80000)
 ParOldGen       total 84992K, used 48K [0x0000000084800000, 0x0000000089b00000, 0x00000000d6d80000)
  object space 84992K, 0% used [0x0000000084800000,0x000000008480c000,0x0000000089b00000)
 Metaspace       used 9073K, capacity 9312K, committed 9600K, reserved 1058816K
  class space    used 974K, capacity 1068K, committed 1152K, reserved 1048576K
Event: 101.305 GC heap after
Heap after GC invocations=6 (full 0):
 PSYoungGen      total 257536K, used 3051K [0x00000000d6d80000, 0x00000000e6c80000, 0x0000000100000000)
  eden space 253952K, 0% used [0x00000000d6d80000,0x00000000d6d80000,0x00000000e6580000)
  from space 3584K, 85% used [0x00000000e6900000,0x00000000e6bfae00,0x00000000e6c80000)
  to   space 3584K, 0% used [0x00000000e6580000,0x00000000e6580000,0x00000000e6900000)
 ParOldGen       total 84992K, used 48K [0x0000000084800000, 0x0000000089b00000, 0x00000000d6d80000)
  object space 84992K, 0% used [0x0000000084800000,0x000000008480c000,0x0000000089b00000)
 Metaspace       used 9073K, capacity 9312K, committed 9600K, reserved 1058816K
  class space    used 974K, capacity 1068K, committed 1152K, reserved 1048576K
}
Event: 162.826 GC heap before
{Heap before GC invocations=7 (full 0):
 PSYoungGen      total 257536K, used 257003K [0x00000000d6d80000, 0x00000000e6c80000, 0x0000000100000000)
  eden space 253952K, 100% used [0x00000000d6d80000,0x00000000e6580000,0x00000000e6580000)
  from space 3584K, 85% used [0x00000000e6900000,0x00000000e6bfae00,0x00000000e6c80000)
  to   space 3584K, 0% used [0x00000000e6580000,0x00000000e6580000,0x00000000e6900000)
 ParOldGen       total 84992K, used 48K [0x0000000084800000, 0x0000000089b00000, 0x00000000d6d80000)
  object space 84992K, 0% used [0x0000000084800000,0x000000008480c000,0x0000000089b00000)
 Metaspace       used 10138K, capacity 10462K, committed 10496K, reserved 1058816K
  class space    used 1139K, capacity 1257K, committed 1280K, reserved 1048576K

